{"/Users/amyposten/Desktop/Dev/Nebula Academy/nebula-practice/amy-test-practice/learn-vitest/sum.js": {"path":"/Users/amyposten/Desktop/Dev/Nebula Academy/nebula-practice/amy-test-practice/learn-vitest/sum.js","all":false,"statementMap":{"0":{"start":{"line":1,"column":0},"end":{"line":1,"column":25}},"1":{"start":{"line":2,"column":0},"end":{"line":2,"column":55}},"2":{"start":{"line":3,"column":0},"end":{"line":3,"column":20}},"3":{"start":{"line":4,"column":0},"end":{"line":4,"column":1}},"4":{"start":{"line":5,"column":0},"end":{"line":5,"column":0}},"5":{"start":{"line":6,"column":0},"end":{"line":6,"column":0}},"6":{"start":{"line":7,"column":0},"end":{"line":7,"column":0}},"7":{"start":{"line":8,"column":0},"end":{"line":8,"column":17}},"8":{"start":{"line":9,"column":0},"end":{"line":9,"column":19}}},"s":{"0":1,"1":4,"2":4,"3":4,"4":1,"5":1,"6":1,"7":1,"8":1},"branchMap":{"0":{"type":"branch","line":2,"loc":{"start":{"line":2,"column":-1},"end":{"line":4,"column":1}},"locations":[{"start":{"line":2,"column":-1},"end":{"line":4,"column":1}}]},"1":{"type":"branch","line":2,"loc":{"start":{"line":2,"column":35},"end":{"line":2,"column":50}},"locations":[{"start":{"line":2,"column":35},"end":{"line":2,"column":50}}]}},"b":{"0":[4],"1":[7]},"fnMap":{"0":{"name":"sum","decl":{"start":{"line":2,"column":-1},"end":{"line":4,"column":1}},"loc":{"start":{"line":2,"column":-1},"end":{"line":4,"column":1}},"line":2}},"f":{"0":4}}
}
